
> rest-express@1.0.0 check
> tsc

client/src/components/__tests__/Button.test.tsx(4,48): error TS2307: Cannot find module './Button' or its corresponding type declarations.
client/src/components/GuestBanner.tsx(11,20): error TS2339: Property 'viewsCount' does not exist on type 'GuestModeContextType'.
client/src/components/GuestBanner.tsx(11,32): error TS2339: Property 'remainingTime' does not exist on type 'GuestModeContextType'.
client/src/components/SwarmDebug.tsx(19,95): error TS7006: Parameter 'payload' implicitly has an 'any' type.
client/src/components/TransitionWrapper.tsx(52,9): error TS2322: Type '{ initial: { opacity: number; y: number; }; animate: { opacity: number; y: number; transition: { duration: number; ease: number[]; }; }; exit: { opacity: number; y: number; transition: { duration: number; ease: number[]; }; }; }' is not assignable to type 'Variants'.
  Property 'animate' is incompatible with index signature.
    Type '{ opacity: number; y: number; transition: { duration: number; ease: number[]; }; }' is not assignable to type 'Variant'.
      Type '{ opacity: number; y: number; transition: { duration: number; ease: number[]; }; }' is not assignable to type 'TargetAndTransition'.
        Type '{ opacity: number; y: number; transition: { duration: number; ease: number[]; }; }' is not assignable to type '{ transition?: Transition<any> | undefined; transitionEnd?: ResolvedValues | undefined; }'.
          Types of property 'transition' are incompatible.
            Type '{ duration: number; ease: number[]; }' is not assignable to type 'Transition<any> | undefined'.
              Type '{ duration: number; ease: number[]; }' is not assignable to type 'TransitionWithValueOverrides<any>'.
                Type '{ duration: number; ease: number[]; }' is not assignable to type 'ValueAnimationTransition<any>'.
                  Types of property 'ease' are incompatible.
                    Type 'number[]' is not assignable to type 'Easing | Easing[] | undefined'.
                      Type 'number[]' is not assignable to type 'EasingFunction | Easing[]'.
                        Type 'number[]' is not assignable to type 'Easing[]'.
                          Type 'number' is not assignable to type 'Easing'.
client/src/contexts/NotificationContext.tsx(41,73): error TS7006: Parameter '_event' implicitly has an 'any' type.
client/src/contexts/NotificationContext.tsx(41,81): error TS7006: Parameter 'session' implicitly has an 'any' type.
client/src/contexts/NotificationContext.tsx(70,36): error TS7006: Parameter 'n' implicitly has an 'any' type.
client/src/contexts/NotificationContext.tsx(101,16): error TS7006: Parameter 'payload' implicitly has an 'any' type.
client/src/pages/Analytics.tsx(85,47): error TS7006: Parameter 'sum' implicitly has an 'any' type.
client/src/pages/Analytics.tsx(85,52): error TS7006: Parameter 'post' implicitly has an 'any' type.
client/src/pages/Challenges.tsx(85,22): error TS7006: Parameter 'progress' implicitly has an 'any' type.
client/src/pages/Feed.tsx(31,11): error TS2339: Property 'incrementViews' does not exist on type 'GuestModeContextType'.
client/src/pages/Player.tsx(84,47): error TS7006: Parameter 'p' implicitly has an 'any' type.
client/src/pages/PostDetail.tsx(74,13): error TS2322: Type '{ fire_level: any; } | undefined' is not assignable to type 'Fire | undefined'.
  Type '{ fire_level: any; }' is missing the following properties from type 'Fire': user_id, post_id, created_at
client/src/pages/PostDetail.tsx(116,10): error TS7006: Parameter 'payload' implicitly has an 'any' type.
client/src/pages/Profile.tsx(397,15): error TS2322: Type '{ type: "profile"; title: string; description: string; actionText: string | undefined; onAction: (() => void | Promise<void>) | undefined; }' is not assignable to type 'IntrinsicAttributes & QuebecEmptyStateProps'.
  Property 'title' does not exist on type 'IntrinsicAttributes & QuebecEmptyStateProps'.
client/src/pages/Studio.tsx(75,22): error TS18048: 'videoResult.highlights' is possibly 'undefined'.
client/src/services/subscriptionService.ts(329,55): error TS7006: Parameter 'sum' implicitly has an 'any' type.
client/src/services/subscriptionService.ts(329,60): error TS7006: Parameter 'e' implicitly has an 'any' type.
client/src/services/subscriptionService.ts(330,55): error TS7006: Parameter 'sum' implicitly has an 'any' type.
client/src/services/subscriptionService.ts(330,60): error TS7006: Parameter 'e' implicitly has an 'any' type.
client/src/zyeute-colony-bridge/TiGuySwarmAdapter.ts(185,9): error TS2322: Type 'SwarmResponse | { bee: { id: string; type: string; name: string; status: string; specialty: string; }; content: string; confidence: number; }' is not assignable to type 'SwarmResponse'.
  Type '{ bee: { id: string; type: string; name: string; status: string; specialty: string; }; content: string; confidence: number; }' is not assignable to type 'SwarmResponse'.
    The types of 'bee.type' are incompatible between these types.
      Type 'string' is not assignable to type 'BeeType'.
server/ai/orchestrator.ts(47,57): error TS2345: Argument of type 'Record<string, unknown>' is not assignable to parameter of type 'HiveTask'.
  Type 'Record<string, unknown>' is missing the following properties from type 'HiveTask': id, type, payload, createdAt
