
> rest-express@1.0.0 check
> tsc

client/src/components/__tests__/Button.test.tsx(4,48): error TS2307: Cannot find module './Button' or its corresponding type declarations.
client/src/components/auth/ZyeuteLogin.tsx(2,50): error TS2307: Cannot find module '@react-oauth/google' or its corresponding type declarations.
client/src/components/auth/ZyeuteLogin.tsx(78,55): error TS2339: Property 'message' does not exist on type '{}'.
client/src/components/auth/ZyeuteLogin.tsx(79,66): error TS2339: Property 'message' does not exist on type '{}'.
client/src/components/features/KryptoTracIntegration.tsx(181,14): error TS2322: Type '{ children: string; jsx: true; }' is not assignable to type 'DetailedHTMLProps<StyleHTMLAttributes<HTMLStyleElement>, HTMLStyleElement>'.
  Property 'jsx' does not exist on type 'DetailedHTMLProps<StyleHTMLAttributes<HTMLStyleElement>, HTMLStyleElement>'.
client/src/components/GuestBanner.tsx(11,20): error TS2339: Property 'viewsCount' does not exist on type 'GuestModeContextType'.
client/src/components/GuestBanner.tsx(11,32): error TS2339: Property 'remainingTime' does not exist on type 'GuestModeContextType'.
client/src/components/layout/FeedGrid.tsx(6,21): error TS2614: Module '"../features/VideoCard"' has no exported member 'VideoCardSkeleton'. Did you mean to use 'import VideoCardSkeleton from "../features/VideoCard"' instead?
client/src/components/layout/FeedGrid.tsx(77,12): error TS2741: Property 'user' is missing in type '{ key: string; post: Post; }' but required in type 'VideoCardProps'.
client/src/components/SwarmDebug.tsx(19,95): error TS7006: Parameter 'payload' implicitly has an 'any' type.
client/src/components/SwarmDebug.tsx(120,29): error TS2322: Type '"destructive"' is not assignable to type '"primary" | "outline" | "ghost" | "icon" | undefined'.
client/src/components/TransitionWrapper.tsx(52,9): error TS2322: Type '{ initial: { opacity: number; y: number; }; animate: { opacity: number; y: number; transition: { duration: number; ease: number[]; }; }; exit: { opacity: number; y: number; transition: { duration: number; ease: number[]; }; }; }' is not assignable to type 'Variants'.
  Property 'animate' is incompatible with index signature.
    Type '{ opacity: number; y: number; transition: { duration: number; ease: number[]; }; }' is not assignable to type 'Variant'.
      Type '{ opacity: number; y: number; transition: { duration: number; ease: number[]; }; }' is not assignable to type 'TargetAndTransition'.
        Type '{ opacity: number; y: number; transition: { duration: number; ease: number[]; }; }' is not assignable to type '{ transition?: Transition<any> | undefined; transitionEnd?: ResolvedValues | undefined; }'.
          Types of property 'transition' are incompatible.
            Type '{ duration: number; ease: number[]; }' is not assignable to type 'Transition<any> | undefined'.
              Type '{ duration: number; ease: number[]; }' is not assignable to type 'TransitionWithValueOverrides<any>'.
                Type '{ duration: number; ease: number[]; }' is not assignable to type 'ValueAnimationTransition<any>'.
                  Types of property 'ease' are incompatible.
                    Type 'number[]' is not assignable to type 'Easing | Easing[] | undefined'.
                      Type 'number[]' is not assignable to type 'EasingFunction | Easing[]'.
                        Type 'number[]' is not assignable to type 'Easing[]'.
                          Type 'number' is not assignable to type 'Easing'.
client/src/contexts/NotificationContext.tsx(41,73): error TS7006: Parameter '_event' implicitly has an 'any' type.
client/src/contexts/NotificationContext.tsx(41,81): error TS7006: Parameter 'session' implicitly has an 'any' type.
client/src/contexts/NotificationContext.tsx(70,36): error TS7006: Parameter 'n' implicitly has an 'any' type.
client/src/contexts/NotificationContext.tsx(101,16): error TS7006: Parameter 'payload' implicitly has an 'any' type.
client/src/hooks/useInfiniteFeed.ts(36,17): error TS2698: Spread types may only be created from object types.
client/src/hooks/useInfiniteFeed.ts(101,17): error TS2698: Spread types may only be created from object types.
client/src/lib/colony-link.ts(1,28): error TS2307: Cannot find module 'socket.io-client' or its corresponding type declarations.
client/src/lib/colony-link.ts(51,37): error TS7006: Parameter 'reason' implicitly has an 'any' type.
client/src/lib/colony-link.ts(55,40): error TS7006: Parameter 'error' implicitly has an 'any' type.
client/src/pages/Analytics.tsx(85,47): error TS7006: Parameter 'sum' implicitly has an 'any' type.
client/src/pages/Analytics.tsx(85,52): error TS7006: Parameter 'post' implicitly has an 'any' type.
client/src/pages/Challenges.tsx(85,22): error TS7006: Parameter 'progress' implicitly has an 'any' type.
client/src/pages/Feed.tsx(31,11): error TS2339: Property 'incrementViews' does not exist on type 'GuestModeContextType'.
client/src/pages/moderation/Moderation.tsx(507,38): error TS2339: Property 'human_decision' does not exist on type 'ModerationLog'.
client/src/pages/moderation/Moderation.tsx(508,28): error TS2339: Property 'reviewed_at' does not exist on type 'ModerationLog'.
client/src/pages/moderation/Moderation.tsx(508,56): error TS2339: Property 'reviewed_at' does not exist on type 'ModerationLog'.
client/src/pages/Player.tsx(84,47): error TS7006: Parameter 'p' implicitly has an 'any' type.
client/src/pages/PostDetail.tsx(74,13): error TS2322: Type '{ fire_level: any; } | undefined' is not assignable to type 'Fire | undefined'.
  Type '{ fire_level: any; }' is missing the following properties from type 'Fire': user_id, post_id, created_at
client/src/pages/PostDetail.tsx(116,10): error TS7006: Parameter 'payload' implicitly has an 'any' type.
client/src/pages/Profile.tsx(397,15): error TS2322: Type '{ type: "profile"; title: string; description: string; actionText: string | undefined; onAction: (() => void | Promise<void>) | undefined; }' is not assignable to type 'IntrinsicAttributes & QuebecEmptyStateProps'.
  Property 'title' does not exist on type 'IntrinsicAttributes & QuebecEmptyStateProps'.
client/src/pages/Studio.tsx(34,47): error TS2345: Argument of type 'string' is not assignable to parameter of type 'File'.
client/src/pages/Studio.tsx(37,23): error TS2345: Argument of type 'string' is not assignable to parameter of type 'File'.
client/src/pages/Studio.tsx(75,22): error TS18048: 'videoResult.highlights' is possibly 'undefined'.
client/src/services/bees/JoualBee.ts(280,14): error TS2802: Type 'Set<string>' can only be iterated through when using the '--downlevelIteration' flag or with a '--target' of 'es2015' or higher.
client/src/services/geminiService.ts(6,36): error TS2307: Cannot find module '@google/generative-ai' or its corresponding type declarations.
client/src/services/geminiService.ts(50,35): error TS7006: Parameter 'tag' implicitly has an 'any' type.
client/src/services/subscriptionService.ts(329,55): error TS7006: Parameter 'sum' implicitly has an 'any' type.
client/src/services/subscriptionService.ts(329,60): error TS7006: Parameter 'e' implicitly has an 'any' type.
client/src/services/subscriptionService.ts(330,55): error TS7006: Parameter 'sum' implicitly has an 'any' type.
client/src/services/subscriptionService.ts(330,60): error TS7006: Parameter 'e' implicitly has an 'any' type.
client/src/test/evaluation.ts(310,30): error TS2802: Type 'Map<string, number[]>' can only be iterated through when using the '--downlevelIteration' flag or with a '--target' of 'es2015' or higher.
client/src/zyeute-colony-bridge/SwarmHealthDashboard.tsx(50,11): error TS2783: 'state' is specified more than once, so this usage will be overwritten.
client/src/zyeute-colony-bridge/SwarmHealthDashboard.tsx(55,11): error TS2783: 'state' is specified more than once, so this usage will be overwritten.
client/src/zyeute-colony-bridge/SwarmHealthDashboard.tsx(60,11): error TS2783: 'state' is specified more than once, so this usage will be overwritten.
client/src/zyeute-colony-bridge/TiGuySwarmAdapter.ts(185,9): error TS2322: Type 'SwarmResponse | { bee: { id: string; type: string; name: string; status: string; specialty: string; }; content: string; confidence: number; }' is not assignable to type 'SwarmResponse'.
  Type '{ bee: { id: string; type: string; name: string; status: string; specialty: string; }; content: string; confidence: number; }' is not assignable to type 'SwarmResponse'.
    The types of 'bee.type' are incompatible between these types.
      Type 'string' is not assignable to type 'BeeType'.
server/ai/orchestrator.ts(10,10): error TS2305: Module '"./bees/ti-guy-chat.js"' has no exported member 'executeTiGuyChatBee'.
server/ai/orchestrator.ts(11,10): error TS2305: Module '"./bees/studio-caption.js"' has no exported member 'executeStudioCaptionBee'.
server/ai/orchestrator.ts(12,10): error TS2305: Module '"./bees/studio-image.js"' has no exported member 'executeStudioImageBee'.
server/ai/orchestrator.ts(13,10): error TS2305: Module '"./bees/studio-video.js"' has no exported member 'executeStudioVideoBee'.
server/ai/orchestrator.ts(14,10): error TS2305: Module '"./bees/post-composer.js"' has no exported member 'executePostComposerBee'.
server/ai/orchestrator.ts(47,57): error TS2345: Argument of type 'Record<string, unknown>' is not assignable to parameter of type 'HiveTask'.
  Type 'Record<string, unknown>' is missing the following properties from type 'HiveTask': id, type, payload, createdAt
